{"/Users/peterbenoit/GitHub/SaveAsExtension/background.js": {"path":"/Users/peterbenoit/GitHub/SaveAsExtension/background.js","statementMap":{"0":{"start":{"line":9,"column":0},"end":{"line":9,"column":58}},"1":{"start":{"line":10,"column":0},"end":{"line":10,"column":56}},"2":{"start":{"line":14,"column":1},"end":{"line":65,"column":4}},"3":{"start":{"line":15,"column":2},"end":{"line":19,"column":5}},"4":{"start":{"line":21,"column":2},"end":{"line":26,"column":5}},"5":{"start":{"line":28,"column":2},"end":{"line":33,"column":5}},"6":{"start":{"line":35,"column":2},"end":{"line":40,"column":5}},"7":{"start":{"line":42,"column":2},"end":{"line":47,"column":5}},"8":{"start":{"line":49,"column":2},"end":{"line":54,"column":5}},"9":{"start":{"line":56,"column":2},"end":{"line":61,"column":5}},"10":{"start":{"line":64,"column":2},"end":{"line":64,"column":21}},"11":{"start":{"line":70,"column":1},"end":{"line":80,"column":2}},"12":{"start":{"line":71,"column":24},"end":{"line":71,"column":56}},"13":{"start":{"line":72,"column":2},"end":{"line":75,"column":3}},"14":{"start":{"line":73,"column":3},"end":{"line":73,"column":69}},"15":{"start":{"line":74,"column":3},"end":{"line":74,"column":46}},"16":{"start":{"line":77,"column":2},"end":{"line":77,"column":51}},"17":{"start":{"line":79,"column":2},"end":{"line":79,"column":45}},"18":{"start":{"line":96,"column":1},"end":{"line":120,"column":2}},"19":{"start":{"line":98,"column":17},"end":{"line":98,"column":42}},"20":{"start":{"line":99,"column":14},"end":{"line":99,"column":37}},"21":{"start":{"line":100,"column":2},"end":{"line":100,"column":24}},"22":{"start":{"line":101,"column":2},"end":{"line":101,"column":27}},"23":{"start":{"line":103,"column":2},"end":{"line":116,"column":3}},"24":{"start":{"line":105,"column":16},"end":{"line":105,"column":66}},"25":{"start":{"line":108,"column":3},"end":{"line":110,"column":4}},"26":{"start":{"line":109,"column":4},"end":{"line":109,"column":16}},"27":{"start":{"line":111,"column":3},"end":{"line":111,"column":77}},"28":{"start":{"line":112,"column":3},"end":{"line":112,"column":16}},"29":{"start":{"line":114,"column":3},"end":{"line":114,"column":52}},"30":{"start":{"line":115,"column":3},"end":{"line":115,"column":16}},"31":{"start":{"line":118,"column":2},"end":{"line":118,"column":51}},"32":{"start":{"line":119,"column":2},"end":{"line":119,"column":15}},"33":{"start":{"line":124,"column":13},"end":{"line":124,"column":64}},"34":{"start":{"line":127,"column":18},"end":{"line":127,"column":53}},"35":{"start":{"line":128,"column":16},"end":{"line":128,"column":31}},"36":{"start":{"line":129,"column":12},"end":{"line":129,"column":29}},"37":{"start":{"line":132,"column":17},"end":{"line":132,"column":32}},"38":{"start":{"line":133,"column":16},"end":{"line":133,"column":47}},"39":{"start":{"line":136,"column":1},"end":{"line":141,"column":2}},"40":{"start":{"line":137,"column":14},"end":{"line":137,"column":39}},"41":{"start":{"line":138,"column":2},"end":{"line":140,"column":3}},"42":{"start":{"line":139,"column":3},"end":{"line":139,"column":32}},"43":{"start":{"line":143,"column":1},"end":{"line":158,"column":2}},"44":{"start":{"line":144,"column":2},"end":{"line":154,"column":3}},"45":{"start":{"line":146,"column":3},"end":{"line":150,"column":4}},"46":{"start":{"line":147,"column":4},"end":{"line":147,"column":62}},"47":{"start":{"line":153,"column":3},"end":{"line":153,"column":62}},"48":{"start":{"line":156,"column":2},"end":{"line":156,"column":73}},"49":{"start":{"line":157,"column":2},"end":{"line":157,"column":39}},"50":{"start":{"line":159,"column":1},"end":{"line":159,"column":50}},"51":{"start":{"line":162,"column":24},"end":{"line":162,"column":77}},"52":{"start":{"line":164,"column":0},"end":{"line":177,"column":3}},"53":{"start":{"line":165,"column":1},"end":{"line":167,"column":2}},"54":{"start":{"line":166,"column":2},"end":{"line":166,"column":9}},"55":{"start":{"line":169,"column":16},"end":{"line":169,"column":48}},"56":{"start":{"line":171,"column":1},"end":{"line":174,"column":2}},"57":{"start":{"line":172,"column":2},"end":{"line":172,"column":53}},"58":{"start":{"line":173,"column":2},"end":{"line":173,"column":9}},"59":{"start":{"line":176,"column":1},"end":{"line":176,"column":65}},"60":{"start":{"line":180,"column":16},"end":{"line":180,"column":50}},"61":{"start":{"line":182,"column":1},"end":{"line":182,"column":71}},"62":{"start":{"line":185,"column":1},"end":{"line":225,"column":2}},"63":{"start":{"line":186,"column":17},"end":{"line":186,"column":23}},"64":{"start":{"line":189,"column":2},"end":{"line":192,"column":3}},"65":{"start":{"line":190,"column":3},"end":{"line":190,"column":48}},"66":{"start":{"line":191,"column":3},"end":{"line":191,"column":95}},"67":{"start":{"line":194,"column":2},"end":{"line":224,"column":3}},"68":{"start":{"line":195,"column":3},"end":{"line":195,"column":62}},"69":{"start":{"line":196,"column":20},"end":{"line":200,"column":5}},"70":{"start":{"line":202,"column":3},"end":{"line":204,"column":4}},"71":{"start":{"line":203,"column":4},"end":{"line":203,"column":80}},"72":{"start":{"line":206,"column":16},"end":{"line":206,"column":37}},"73":{"start":{"line":207,"column":3},"end":{"line":207,"column":88}},"74":{"start":{"line":209,"column":3},"end":{"line":209,"column":72}},"75":{"start":{"line":210,"column":18},"end":{"line":210,"column":67}},"76":{"start":{"line":212,"column":3},"end":{"line":218,"column":4}},"77":{"start":{"line":213,"column":4},"end":{"line":213,"column":86}},"78":{"start":{"line":214,"column":4},"end":{"line":214,"column":45}},"79":{"start":{"line":215,"column":4},"end":{"line":215,"column":73}},"80":{"start":{"line":217,"column":4},"end":{"line":217,"column":85}},"81":{"start":{"line":219,"column":3},"end":{"line":219,"column":10}},"82":{"start":{"line":221,"column":3},"end":{"line":221,"column":65}},"83":{"start":{"line":222,"column":3},"end":{"line":222,"column":69}},"84":{"start":{"line":228,"column":1},"end":{"line":255,"column":2}},"85":{"start":{"line":229,"column":2},"end":{"line":254,"column":3}},"86":{"start":{"line":230,"column":3},"end":{"line":230,"column":72}},"87":{"start":{"line":231,"column":20},"end":{"line":231,"column":39}},"88":{"start":{"line":232,"column":3},"end":{"line":234,"column":4}},"89":{"start":{"line":233,"column":4},"end":{"line":233,"column":90}},"90":{"start":{"line":235,"column":16},"end":{"line":235,"column":37}},"91":{"start":{"line":236,"column":3},"end":{"line":236,"column":98}},"92":{"start":{"line":238,"column":3},"end":{"line":238,"column":67}},"93":{"start":{"line":239,"column":16},"end":{"line":239,"column":69}},"94":{"start":{"line":241,"column":3},"end":{"line":248,"column":4}},"95":{"start":{"line":242,"column":4},"end":{"line":242,"column":116}},"96":{"start":{"line":243,"column":4},"end":{"line":243,"column":48}},"97":{"start":{"line":244,"column":4},"end":{"line":244,"column":73}},"98":{"start":{"line":245,"column":4},"end":{"line":245,"column":11}},"99":{"start":{"line":247,"column":4},"end":{"line":247,"column":110}},"100":{"start":{"line":250,"column":3},"end":{"line":250,"column":65}},"101":{"start":{"line":251,"column":3},"end":{"line":251,"column":62}},"102":{"start":{"line":252,"column":3},"end":{"line":252,"column":18}},"103":{"start":{"line":253,"column":3},"end":{"line":253,"column":48}},"104":{"start":{"line":260,"column":55},"end":{"line":265,"column":2}},"105":{"start":{"line":267,"column":1},"end":{"line":271,"column":2}},"106":{"start":{"line":270,"column":2},"end":{"line":270,"column":66}},"107":{"start":{"line":273,"column":1},"end":{"line":273,"column":74}},"108":{"start":{"line":274,"column":1},"end":{"line":283,"column":2}},"109":{"start":{"line":276,"column":2},"end":{"line":282,"column":3}},"110":{"start":{"line":277,"column":3},"end":{"line":277,"column":38}},"111":{"start":{"line":279,"column":3},"end":{"line":279,"column":10}},"112":{"start":{"line":281,"column":3},"end":{"line":281,"column":74}},"113":{"start":{"line":284,"column":1},"end":{"line":287,"column":2}},"114":{"start":{"line":286,"column":2},"end":{"line":286,"column":9}},"115":{"start":{"line":289,"column":15},"end":{"line":289,"column":64}},"116":{"start":{"line":290,"column":1},"end":{"line":293,"column":2}},"117":{"start":{"line":292,"column":2},"end":{"line":292,"column":9}},"118":{"start":{"line":297,"column":1},"end":{"line":318,"column":2}},"119":{"start":{"line":300,"column":21},"end":{"line":312,"column":4}},"120":{"start":{"line":304,"column":4},"end":{"line":304,"column":32}},"121":{"start":{"line":308,"column":4},"end":{"line":308,"column":24}},"122":{"start":{"line":309,"column":4},"end":{"line":309,"column":16}},"123":{"start":{"line":313,"column":2},"end":{"line":315,"column":3}},"124":{"start":{"line":314,"column":3},"end":{"line":314,"column":10}},"125":{"start":{"line":319,"column":1},"end":{"line":319,"column":29}},"126":{"start":{"line":323,"column":14},"end":{"line":323,"column":23}},"127":{"start":{"line":324,"column":1},"end":{"line":326,"column":2}},"128":{"start":{"line":325,"column":2},"end":{"line":325,"column":30}},"129":{"start":{"line":330,"column":16},"end":{"line":330,"column":48}},"130":{"start":{"line":331,"column":3},"end":{"line":331,"column":35}},"131":{"start":{"line":332,"column":3},"end":{"line":332,"column":37}},"132":{"start":{"line":333,"column":13},"end":{"line":333,"column":36}},"133":{"start":{"line":334,"column":3},"end":{"line":334,"column":28}},"134":{"start":{"line":337,"column":3},"end":{"line":377,"column":4}},"135":{"start":{"line":338,"column":4},"end":{"line":338,"column":52}},"136":{"start":{"line":339,"column":10},"end":{"line":377,"column":4}},"137":{"start":{"line":340,"column":4},"end":{"line":340,"column":51}},"138":{"start":{"line":341,"column":10},"end":{"line":377,"column":4}},"139":{"start":{"line":344,"column":4},"end":{"line":354,"column":5}},"140":{"start":{"line":346,"column":5},"end":{"line":346,"column":46}},"141":{"start":{"line":347,"column":5},"end":{"line":349,"column":6}},"142":{"start":{"line":348,"column":6},"end":{"line":348,"column":52}},"143":{"start":{"line":352,"column":5},"end":{"line":352,"column":100}},"144":{"start":{"line":353,"column":5},"end":{"line":353,"column":46}},"145":{"start":{"line":355,"column":10},"end":{"line":377,"column":4}},"146":{"start":{"line":356,"column":4},"end":{"line":374,"column":5}},"147":{"start":{"line":358,"column":25},"end":{"line":358,"column":60}},"148":{"start":{"line":361,"column":5},"end":{"line":370,"column":6}},"149":{"start":{"line":362,"column":6},"end":{"line":362,"column":29}},"150":{"start":{"line":363,"column":6},"end":{"line":363,"column":53}},"151":{"start":{"line":366,"column":6},"end":{"line":368,"column":8}},"152":{"start":{"line":369,"column":6},"end":{"line":369,"column":62}},"153":{"start":{"line":372,"column":5},"end":{"line":372,"column":80}},"154":{"start":{"line":373,"column":5},"end":{"line":373,"column":46}},"155":{"start":{"line":376,"column":4},"end":{"line":376,"column":45}},"156":{"start":{"line":379,"column":3},"end":{"line":379,"column":75}},"157":{"start":{"line":380,"column":3},"end":{"line":380,"column":19}},"158":{"start":{"line":384,"column":2},"end":{"line":398,"column":3}},"159":{"start":{"line":385,"column":3},"end":{"line":397,"column":4}},"160":{"start":{"line":386,"column":4},"end":{"line":396,"column":5}},"161":{"start":{"line":387,"column":5},"end":{"line":387,"column":24}},"162":{"start":{"line":388,"column":5},"end":{"line":388,"column":45}},"163":{"start":{"line":391,"column":5},"end":{"line":391,"column":55}},"164":{"start":{"line":395,"column":5},"end":{"line":395,"column":64}},"165":{"start":{"line":400,"column":12},"end":{"line":400,"column":41}},"166":{"start":{"line":401,"column":2},"end":{"line":401,"column":32}},"167":{"start":{"line":402,"column":2},"end":{"line":402,"column":16}},"168":{"start":{"line":403,"column":2},"end":{"line":410,"column":3}},"169":{"start":{"line":404,"column":3},"end":{"line":404,"column":22}},"170":{"start":{"line":405,"column":3},"end":{"line":405,"column":48}},"171":{"start":{"line":407,"column":3},"end":{"line":407,"column":44}},"172":{"start":{"line":409,"column":3},"end":{"line":409,"column":66}},"173":{"start":{"line":411,"column":2},"end":{"line":418,"column":3}},"174":{"start":{"line":413,"column":3},"end":{"line":413,"column":53}},"175":{"start":{"line":416,"column":3},"end":{"line":416,"column":71}},"176":{"start":{"line":417,"column":3},"end":{"line":417,"column":65}},"177":{"start":{"line":423,"column":27},"end":{"line":423,"column":32}},"178":{"start":{"line":424,"column":1},"end":{"line":449,"column":2}},"179":{"start":{"line":426,"column":28},"end":{"line":431,"column":4}},"180":{"start":{"line":432,"column":2},"end":{"line":445,"column":3}},"181":{"start":{"line":433,"column":3},"end":{"line":433,"column":30}},"182":{"start":{"line":434,"column":9},"end":{"line":445,"column":3}},"183":{"start":{"line":435,"column":3},"end":{"line":435,"column":50}},"184":{"start":{"line":436,"column":3},"end":{"line":436,"column":30}},"185":{"start":{"line":437,"column":9},"end":{"line":445,"column":3}},"186":{"start":{"line":438,"column":3},"end":{"line":438,"column":38}},"187":{"start":{"line":441,"column":3},"end":{"line":441,"column":52}},"188":{"start":{"line":443,"column":3},"end":{"line":443,"column":50}},"189":{"start":{"line":444,"column":3},"end":{"line":444,"column":30}},"190":{"start":{"line":447,"column":2},"end":{"line":447,"column":27}},"191":{"start":{"line":448,"column":2},"end":{"line":448,"column":29}},"192":{"start":{"line":450,"column":1},"end":{"line":452,"column":2}},"193":{"start":{"line":451,"column":2},"end":{"line":451,"column":83}},"194":{"start":{"line":453,"column":1},"end":{"line":453,"column":56}},"195":{"start":{"line":458,"column":1},"end":{"line":463,"column":2}},"196":{"start":{"line":459,"column":12},"end":{"line":459,"column":59}},"197":{"start":{"line":460,"column":2},"end":{"line":460,"column":26}},"198":{"start":{"line":462,"column":2},"end":{"line":462,"column":65}},"199":{"start":{"line":464,"column":1},"end":{"line":469,"column":2}},"200":{"start":{"line":465,"column":2},"end":{"line":465,"column":46}},"201":{"start":{"line":467,"column":2},"end":{"line":467,"column":70}},"202":{"start":{"line":472,"column":16},"end":{"line":472,"column":82}},"203":{"start":{"line":473,"column":1},"end":{"line":476,"column":2}},"204":{"start":{"line":474,"column":2},"end":{"line":474,"column":80}},"205":{"start":{"line":475,"column":2},"end":{"line":475,"column":41}},"206":{"start":{"line":477,"column":1},"end":{"line":477,"column":66}},"207":{"start":{"line":482,"column":10},"end":{"line":482,"column":39}},"208":{"start":{"line":483,"column":10},"end":{"line":483,"column":50}},"209":{"start":{"line":484,"column":1},"end":{"line":484,"column":62}},"210":{"start":{"line":489,"column":1},"end":{"line":515,"column":2}},"211":{"start":{"line":490,"column":2},"end":{"line":490,"column":26}},"212":{"start":{"line":491,"column":2},"end":{"line":491,"column":17}},"213":{"start":{"line":492,"column":8},"end":{"line":515,"column":2}},"214":{"start":{"line":493,"column":2},"end":{"line":493,"column":26}},"215":{"start":{"line":494,"column":2},"end":{"line":494,"column":16}},"216":{"start":{"line":495,"column":8},"end":{"line":515,"column":2}},"217":{"start":{"line":498,"column":2},"end":{"line":498,"column":82}},"218":{"start":{"line":499,"column":2},"end":{"line":499,"column":25}},"219":{"start":{"line":500,"column":2},"end":{"line":500,"column":22}},"220":{"start":{"line":501,"column":8},"end":{"line":515,"column":2}},"221":{"start":{"line":503,"column":2},"end":{"line":510,"column":3}},"222":{"start":{"line":504,"column":3},"end":{"line":504,"column":27}},"223":{"start":{"line":505,"column":3},"end":{"line":505,"column":17}},"224":{"start":{"line":507,"column":3},"end":{"line":507,"column":84}},"225":{"start":{"line":508,"column":3},"end":{"line":508,"column":26}},"226":{"start":{"line":509,"column":3},"end":{"line":509,"column":23}},"227":{"start":{"line":513,"column":2},"end":{"line":513,"column":25}},"228":{"start":{"line":514,"column":2},"end":{"line":514,"column":22}},"229":{"start":{"line":517,"column":1},"end":{"line":550,"column":2}},"230":{"start":{"line":518,"column":20},"end":{"line":521,"column":4}},"231":{"start":{"line":524,"column":2},"end":{"line":529,"column":3}},"232":{"start":{"line":525,"column":3},"end":{"line":525,"column":86}},"233":{"start":{"line":526,"column":3},"end":{"line":528,"column":6}},"234":{"start":{"line":531,"column":11},"end":{"line":531,"column":27}},"235":{"start":{"line":532,"column":2},"end":{"line":535,"column":5}},"236":{"start":{"line":533,"column":3},"end":{"line":533,"column":26}},"237":{"start":{"line":534,"column":3},"end":{"line":534,"column":33}},"238":{"start":{"line":536,"column":2},"end":{"line":536,"column":33}},"239":{"start":{"line":539,"column":2},"end":{"line":539,"column":73}},"240":{"start":{"line":540,"column":20},"end":{"line":542,"column":4}},"241":{"start":{"line":544,"column":11},"end":{"line":544,"column":27}},"242":{"start":{"line":545,"column":2},"end":{"line":548,"column":5}},"243":{"start":{"line":546,"column":3},"end":{"line":546,"column":26}},"244":{"start":{"line":547,"column":3},"end":{"line":547,"column":33}},"245":{"start":{"line":549,"column":2},"end":{"line":549,"column":33}},"246":{"start":{"line":556,"column":1},"end":{"line":575,"column":2}},"247":{"start":{"line":557,"column":2},"end":{"line":561,"column":5}},"248":{"start":{"line":562,"column":2},"end":{"line":562,"column":9}},"249":{"start":{"line":564,"column":2},"end":{"line":566,"column":3}},"250":{"start":{"line":565,"column":3},"end":{"line":565,"column":11}},"251":{"start":{"line":568,"column":20},"end":{"line":568,"column":54}},"252":{"start":{"line":570,"column":2},"end":{"line":574,"column":5}},"253":{"start":{"line":580,"column":18},"end":{"line":580,"column":47}},"254":{"start":{"line":581,"column":2},"end":{"line":581,"column":63}},"255":{"start":{"line":581,"column":29},"end":{"line":581,"column":61}},"256":{"start":{"line":583,"column":14},"end":{"line":583,"column":40}},"257":{"start":{"line":584,"column":1},"end":{"line":586,"column":2}},"258":{"start":{"line":585,"column":2},"end":{"line":585,"column":16}},"259":{"start":{"line":587,"column":1},"end":{"line":605,"column":2}},"260":{"start":{"line":591,"column":2},"end":{"line":597,"column":5}},"261":{"start":{"line":600,"column":15},"end":{"line":600,"column":41}},"262":{"start":{"line":601,"column":2},"end":{"line":603,"column":3}},"263":{"start":{"line":602,"column":3},"end":{"line":602,"column":17}},"264":{"start":{"line":604,"column":2},"end":{"line":604,"column":56}},"265":{"start":{"line":606,"column":1},"end":{"line":606,"column":35}},"266":{"start":{"line":609,"column":26},"end":{"line":609,"column":35}},"267":{"start":{"line":611,"column":0},"end":{"line":618,"column":3}},"268":{"start":{"line":612,"column":33},"end":{"line":612,"column":43}},"269":{"start":{"line":613,"column":1},"end":{"line":617,"column":2}},"270":{"start":{"line":614,"column":22},"end":{"line":614,"column":54}},"271":{"start":{"line":615,"column":2},"end":{"line":615,"column":20}},"272":{"start":{"line":616,"column":2},"end":{"line":616,"column":38}},"273":{"start":{"line":626,"column":16},"end":{"line":626,"column":45}},"274":{"start":{"line":627,"column":1},"end":{"line":630,"column":2}},"275":{"start":{"line":628,"column":2},"end":{"line":628,"column":50}},"276":{"start":{"line":629,"column":2},"end":{"line":629,"column":14}},"277":{"start":{"line":631,"column":19},"end":{"line":631,"column":38}},"278":{"start":{"line":632,"column":25},"end":{"line":634,"column":3}},"279":{"start":{"line":633,"column":2},"end":{"line":633,"column":56}},"280":{"start":{"line":636,"column":1},"end":{"line":636,"column":47}},"281":{"start":{"line":637,"column":1},"end":{"line":637,"column":24}},"282":{"start":{"line":641,"column":0},"end":{"line":643,"column":1}},"283":{"start":{"line":642,"column":1},"end":{"line":642,"column":102}}},"fnMap":{"0":{"name":"createContextMenu","decl":{"start":{"line":13,"column":9},"end":{"line":13,"column":26}},"loc":{"start":{"line":13,"column":29},"end":{"line":66,"column":1}},"line":13},"1":{"name":"(anonymous_1)","decl":{"start":{"line":14,"column":31},"end":{"line":14,"column":32}},"loc":{"start":{"line":14,"column":43},"end":{"line":65,"column":2}},"line":14},"2":{"name":"checkAvifSupport","decl":{"start":{"line":69,"column":15},"end":{"line":69,"column":31}},"loc":{"start":{"line":69,"column":34},"end":{"line":81,"column":1}},"line":69},"3":{"name":"checkAvifEncodingSupport","decl":{"start":{"line":95,"column":15},"end":{"line":95,"column":39}},"loc":{"start":{"line":95,"column":42},"end":{"line":121,"column":1}},"line":95},"4":{"name":"getFileNameFromURL","decl":{"start":{"line":123,"column":9},"end":{"line":123,"column":27}},"loc":{"start":{"line":123,"column":44},"end":{"line":160,"column":1}},"line":123},"5":{"name":"(anonymous_5)","decl":{"start":{"line":164,"column":42},"end":{"line":164,"column":43}},"loc":{"start":{"line":164,"column":63},"end":{"line":177,"column":1}},"line":164},"6":{"name":"downloadImageForFrame","decl":{"start":{"line":179,"column":15},"end":{"line":179,"column":36}},"loc":{"start":{"line":179,"column":69},"end":{"line":320,"column":1}},"line":179},"7":{"name":"(anonymous_7)","decl":{"start":{"line":303,"column":9},"end":{"line":303,"column":10}},"loc":{"start":{"line":303,"column":33},"end":{"line":310,"column":4}},"line":303},"8":{"name":"fetchImageInFrame","decl":{"start":{"line":322,"column":15},"end":{"line":322,"column":32}},"loc":{"start":{"line":322,"column":65},"end":{"line":454,"column":1}},"line":322},"9":{"name":"func","decl":{"start":{"line":328,"column":16},"end":{"line":328,"column":20}},"loc":{"start":{"line":328,"column":34},"end":{"line":419,"column":2}},"line":328},"10":{"name":"convertImgToURL","decl":{"start":{"line":329,"column":11},"end":{"line":329,"column":26}},"loc":{"start":{"line":329,"column":40},"end":{"line":381,"column":3}},"line":329},"11":{"name":"fetchImage","decl":{"start":{"line":456,"column":15},"end":{"line":456,"column":25}},"loc":{"start":{"line":456,"column":42},"end":{"line":478,"column":1}},"line":456},"12":{"name":"convertBlobToURL","decl":{"start":{"line":480,"column":15},"end":{"line":480,"column":31}},"loc":{"start":{"line":480,"column":46},"end":{"line":551,"column":1}},"line":480},"13":{"name":"(anonymous_13)","decl":{"start":{"line":532,"column":20},"end":{"line":532,"column":21}},"loc":{"start":{"line":532,"column":33},"end":{"line":535,"column":3}},"line":532},"14":{"name":"(anonymous_14)","decl":{"start":{"line":545,"column":20},"end":{"line":545,"column":21}},"loc":{"start":{"line":545,"column":33},"end":{"line":548,"column":3}},"line":545},"15":{"name":"download","decl":{"start":{"line":555,"column":15},"end":{"line":555,"column":23}},"loc":{"start":{"line":555,"column":39},"end":{"line":576,"column":1}},"line":555},"16":{"name":"ensureOffscreenClient","decl":{"start":{"line":578,"column":15},"end":{"line":578,"column":36}},"loc":{"start":{"line":578,"column":39},"end":{"line":607,"column":1}},"line":578},"17":{"name":"getOffscreenClient","decl":{"start":{"line":579,"column":16},"end":{"line":579,"column":34}},"loc":{"start":{"line":579,"column":37},"end":{"line":582,"column":2}},"line":579},"18":{"name":"(anonymous_18)","decl":{"start":{"line":581,"column":22},"end":{"line":581,"column":23}},"loc":{"start":{"line":581,"column":29},"end":{"line":581,"column":61}},"line":581},"19":{"name":"(anonymous_19)","decl":{"start":{"line":611,"column":33},"end":{"line":611,"column":34}},"loc":{"start":{"line":611,"column":44},"end":{"line":618,"column":1}},"line":611},"20":{"name":"queryOffscreenClient","decl":{"start":{"line":625,"column":15},"end":{"line":625,"column":35}},"loc":{"start":{"line":625,"column":48},"end":{"line":638,"column":1}},"line":625},"21":{"name":"(anonymous_21)","decl":{"start":{"line":632,"column":37},"end":{"line":632,"column":38}},"loc":{"start":{"line":632,"column":58},"end":{"line":634,"column":2}},"line":632}},"branchMap":{"0":{"loc":{"start":{"line":72,"column":2},"end":{"line":75,"column":3}},"type":"if","locations":[{"start":{"line":72,"column":2},"end":{"line":75,"column":3}},{"start":{},"end":{}}],"line":72},"1":{"loc":{"start":{"line":108,"column":3},"end":{"line":110,"column":4}},"type":"if","locations":[{"start":{"line":108,"column":3},"end":{"line":110,"column":4}},{"start":{},"end":{}}],"line":108},"2":{"loc":{"start":{"line":129,"column":12},"end":{"line":129,"column":29}},"type":"binary-expr","locations":[{"start":{"line":129,"column":12},"end":{"line":129,"column":23}},{"start":{"line":129,"column":27},"end":{"line":129,"column":29}}],"line":129},"3":{"loc":{"start":{"line":136,"column":1},"end":{"line":141,"column":2}},"type":"if","locations":[{"start":{"line":136,"column":1},"end":{"line":141,"column":2}},{"start":{},"end":{}}],"line":136},"4":{"loc":{"start":{"line":138,"column":2},"end":{"line":140,"column":3}},"type":"if","locations":[{"start":{"line":138,"column":2},"end":{"line":140,"column":3}},{"start":{},"end":{}}],"line":138},"5":{"loc":{"start":{"line":143,"column":1},"end":{"line":158,"column":2}},"type":"if","locations":[{"start":{"line":143,"column":1},"end":{"line":158,"column":2}},{"start":{},"end":{}}],"line":143},"6":{"loc":{"start":{"line":144,"column":2},"end":{"line":154,"column":3}},"type":"if","locations":[{"start":{"line":144,"column":2},"end":{"line":154,"column":3}},{"start":{},"end":{}}],"line":144},"7":{"loc":{"start":{"line":159,"column":8},"end":{"line":159,"column":49}},"type":"binary-expr","locations":[{"start":{"line":159,"column":8},"end":{"line":159,"column":25}},{"start":{"line":159,"column":29},"end":{"line":159,"column":49}}],"line":159},"8":{"loc":{"start":{"line":165,"column":1},"end":{"line":167,"column":2}},"type":"if","locations":[{"start":{"line":165,"column":1},"end":{"line":167,"column":2}},{"start":{},"end":{}}],"line":165},"9":{"loc":{"start":{"line":171,"column":1},"end":{"line":174,"column":2}},"type":"if","locations":[{"start":{"line":171,"column":1},"end":{"line":174,"column":2}},{"start":{},"end":{}}],"line":171},"10":{"loc":{"start":{"line":185,"column":1},"end":{"line":225,"column":2}},"type":"if","locations":[{"start":{"line":185,"column":1},"end":{"line":225,"column":2}},{"start":{},"end":{}}],"line":185},"11":{"loc":{"start":{"line":189,"column":2},"end":{"line":192,"column":3}},"type":"if","locations":[{"start":{"line":189,"column":2},"end":{"line":192,"column":3}},{"start":{},"end":{}}],"line":189},"12":{"loc":{"start":{"line":202,"column":3},"end":{"line":204,"column":4}},"type":"if","locations":[{"start":{"line":202,"column":3},"end":{"line":204,"column":4}},{"start":{},"end":{}}],"line":202},"13":{"loc":{"start":{"line":212,"column":3},"end":{"line":218,"column":4}},"type":"if","locations":[{"start":{"line":212,"column":3},"end":{"line":218,"column":4}},{"start":{"line":216,"column":10},"end":{"line":218,"column":4}}],"line":212},"14":{"loc":{"start":{"line":212,"column":7},"end":{"line":212,"column":31}},"type":"binary-expr","locations":[{"start":{"line":212,"column":7},"end":{"line":212,"column":13}},{"start":{"line":212,"column":17},"end":{"line":212,"column":31}}],"line":212},"15":{"loc":{"start":{"line":228,"column":1},"end":{"line":255,"column":2}},"type":"if","locations":[{"start":{"line":228,"column":1},"end":{"line":255,"column":2}},{"start":{},"end":{}}],"line":228},"16":{"loc":{"start":{"line":232,"column":3},"end":{"line":234,"column":4}},"type":"if","locations":[{"start":{"line":232,"column":3},"end":{"line":234,"column":4}},{"start":{},"end":{}}],"line":232},"17":{"loc":{"start":{"line":241,"column":3},"end":{"line":248,"column":4}},"type":"if","locations":[{"start":{"line":241,"column":3},"end":{"line":248,"column":4}},{"start":{"line":246,"column":10},"end":{"line":248,"column":4}}],"line":241},"18":{"loc":{"start":{"line":241,"column":7},"end":{"line":241,"column":34}},"type":"binary-expr","locations":[{"start":{"line":241,"column":7},"end":{"line":241,"column":13}},{"start":{"line":241,"column":17},"end":{"line":241,"column":34}}],"line":241},"19":{"loc":{"start":{"line":267,"column":1},"end":{"line":271,"column":2}},"type":"if","locations":[{"start":{"line":267,"column":1},"end":{"line":271,"column":2}},{"start":{},"end":{}}],"line":267},"20":{"loc":{"start":{"line":267,"column":5},"end":{"line":267,"column":37}},"type":"binary-expr","locations":[{"start":{"line":267,"column":5},"end":{"line":267,"column":14}},{"start":{"line":267,"column":18},"end":{"line":267,"column":37}}],"line":267},"21":{"loc":{"start":{"line":273,"column":16},"end":{"line":273,"column":40}},"type":"binary-expr","locations":[{"start":{"line":273,"column":16},"end":{"line":273,"column":24}},{"start":{"line":273,"column":28},"end":{"line":273,"column":40}}],"line":273},"22":{"loc":{"start":{"line":274,"column":1},"end":{"line":283,"column":2}},"type":"if","locations":[{"start":{"line":274,"column":1},"end":{"line":283,"column":2}},{"start":{},"end":{}}],"line":274},"23":{"loc":{"start":{"line":284,"column":1},"end":{"line":287,"column":2}},"type":"if","locations":[{"start":{"line":284,"column":1},"end":{"line":287,"column":2}},{"start":{},"end":{}}],"line":284},"24":{"loc":{"start":{"line":290,"column":1},"end":{"line":293,"column":2}},"type":"if","locations":[{"start":{"line":290,"column":1},"end":{"line":293,"column":2}},{"start":{},"end":{}}],"line":290},"25":{"loc":{"start":{"line":313,"column":2},"end":{"line":315,"column":3}},"type":"if","locations":[{"start":{"line":313,"column":2},"end":{"line":315,"column":3}},{"start":{},"end":{}}],"line":313},"26":{"loc":{"start":{"line":324,"column":1},"end":{"line":326,"column":2}},"type":"if","locations":[{"start":{"line":324,"column":1},"end":{"line":326,"column":2}},{"start":{},"end":{}}],"line":324},"27":{"loc":{"start":{"line":337,"column":3},"end":{"line":377,"column":4}},"type":"if","locations":[{"start":{"line":337,"column":3},"end":{"line":377,"column":4}},{"start":{"line":339,"column":10},"end":{"line":377,"column":4}}],"line":337},"28":{"loc":{"start":{"line":339,"column":10},"end":{"line":377,"column":4}},"type":"if","locations":[{"start":{"line":339,"column":10},"end":{"line":377,"column":4}},{"start":{"line":341,"column":10},"end":{"line":377,"column":4}}],"line":339},"29":{"loc":{"start":{"line":341,"column":10},"end":{"line":377,"column":4}},"type":"if","locations":[{"start":{"line":341,"column":10},"end":{"line":377,"column":4}},{"start":{"line":355,"column":10},"end":{"line":377,"column":4}}],"line":341},"30":{"loc":{"start":{"line":347,"column":5},"end":{"line":349,"column":6}},"type":"if","locations":[{"start":{"line":347,"column":5},"end":{"line":349,"column":6}},{"start":{},"end":{}}],"line":347},"31":{"loc":{"start":{"line":355,"column":10},"end":{"line":377,"column":4}},"type":"if","locations":[{"start":{"line":355,"column":10},"end":{"line":377,"column":4}},{"start":{"line":375,"column":10},"end":{"line":377,"column":4}}],"line":355},"32":{"loc":{"start":{"line":361,"column":5},"end":{"line":370,"column":6}},"type":"if","locations":[{"start":{"line":361,"column":5},"end":{"line":370,"column":6}},{"start":{"line":364,"column":12},"end":{"line":370,"column":6}}],"line":361},"33":{"loc":{"start":{"line":385,"column":3},"end":{"line":397,"column":4}},"type":"if","locations":[{"start":{"line":385,"column":3},"end":{"line":397,"column":4}},{"start":{},"end":{}}],"line":385},"34":{"loc":{"start":{"line":432,"column":2},"end":{"line":445,"column":3}},"type":"if","locations":[{"start":{"line":432,"column":2},"end":{"line":445,"column":3}},{"start":{"line":434,"column":9},"end":{"line":445,"column":3}}],"line":432},"35":{"loc":{"start":{"line":434,"column":9},"end":{"line":445,"column":3}},"type":"if","locations":[{"start":{"line":434,"column":9},"end":{"line":445,"column":3}},{"start":{"line":437,"column":9},"end":{"line":445,"column":3}}],"line":434},"36":{"loc":{"start":{"line":435,"column":18},"end":{"line":435,"column":49}},"type":"binary-expr","locations":[{"start":{"line":435,"column":18},"end":{"line":435,"column":32}},{"start":{"line":435,"column":36},"end":{"line":435,"column":49}}],"line":435},"37":{"loc":{"start":{"line":437,"column":9},"end":{"line":445,"column":3}},"type":"if","locations":[{"start":{"line":437,"column":9},"end":{"line":445,"column":3}},{"start":{"line":442,"column":9},"end":{"line":445,"column":3}}],"line":437},"38":{"loc":{"start":{"line":450,"column":1},"end":{"line":452,"column":2}},"type":"if","locations":[{"start":{"line":450,"column":1},"end":{"line":452,"column":2}},{"start":{},"end":{}}],"line":450},"39":{"loc":{"start":{"line":473,"column":1},"end":{"line":476,"column":2}},"type":"if","locations":[{"start":{"line":473,"column":1},"end":{"line":476,"column":2}},{"start":{},"end":{}}],"line":473},"40":{"loc":{"start":{"line":489,"column":1},"end":{"line":515,"column":2}},"type":"if","locations":[{"start":{"line":489,"column":1},"end":{"line":515,"column":2}},{"start":{"line":492,"column":8},"end":{"line":515,"column":2}}],"line":489},"41":{"loc":{"start":{"line":492,"column":8},"end":{"line":515,"column":2}},"type":"if","locations":[{"start":{"line":492,"column":8},"end":{"line":515,"column":2}},{"start":{"line":495,"column":8},"end":{"line":515,"column":2}}],"line":492},"42":{"loc":{"start":{"line":495,"column":8},"end":{"line":515,"column":2}},"type":"if","locations":[{"start":{"line":495,"column":8},"end":{"line":515,"column":2}},{"start":{"line":501,"column":8},"end":{"line":515,"column":2}}],"line":495},"43":{"loc":{"start":{"line":501,"column":8},"end":{"line":515,"column":2}},"type":"if","locations":[{"start":{"line":501,"column":8},"end":{"line":515,"column":2}},{"start":{"line":511,"column":8},"end":{"line":515,"column":2}}],"line":501},"44":{"loc":{"start":{"line":503,"column":2},"end":{"line":510,"column":3}},"type":"if","locations":[{"start":{"line":503,"column":2},"end":{"line":510,"column":3}},{"start":{"line":506,"column":9},"end":{"line":510,"column":3}}],"line":503},"45":{"loc":{"start":{"line":524,"column":2},"end":{"line":529,"column":3}},"type":"if","locations":[{"start":{"line":524,"column":2},"end":{"line":529,"column":3}},{"start":{},"end":{}}],"line":524},"46":{"loc":{"start":{"line":524,"column":6},"end":{"line":524,"column":60}},"type":"binary-expr","locations":[{"start":{"line":524,"column":6},"end":{"line":524,"column":23}},{"start":{"line":524,"column":27},"end":{"line":524,"column":60}}],"line":524},"47":{"loc":{"start":{"line":564,"column":2},"end":{"line":566,"column":3}},"type":"if","locations":[{"start":{"line":564,"column":2},"end":{"line":566,"column":3}},{"start":{},"end":{}}],"line":564},"48":{"loc":{"start":{"line":568,"column":20},"end":{"line":568,"column":54}},"type":"binary-expr","locations":[{"start":{"line":568,"column":20},"end":{"line":568,"column":45}},{"start":{"line":568,"column":49},"end":{"line":568,"column":54}}],"line":568},"49":{"loc":{"start":{"line":584,"column":1},"end":{"line":586,"column":2}},"type":"if","locations":[{"start":{"line":584,"column":1},"end":{"line":586,"column":2}},{"start":{},"end":{}}],"line":584},"50":{"loc":{"start":{"line":601,"column":2},"end":{"line":603,"column":3}},"type":"if","locations":[{"start":{"line":601,"column":2},"end":{"line":603,"column":3}},{"start":{},"end":{}}],"line":601},"51":{"loc":{"start":{"line":613,"column":1},"end":{"line":617,"column":2}},"type":"if","locations":[{"start":{"line":613,"column":1},"end":{"line":617,"column":2}},{"start":{},"end":{}}],"line":613},"52":{"loc":{"start":{"line":627,"column":1},"end":{"line":630,"column":2}},"type":"if","locations":[{"start":{"line":627,"column":1},"end":{"line":630,"column":2}},{"start":{},"end":{}}],"line":627},"53":{"loc":{"start":{"line":641,"column":0},"end":{"line":643,"column":1}},"type":"if","locations":[{"start":{"line":641,"column":0},"end":{"line":643,"column":1}},{"start":{},"end":{}}],"line":641}},"s":{"0":1,"1":1,"2":0,"3":0,"4":0,"5":0,"6":0,"7":0,"8":0,"9":0,"10":0,"11":0,"12":0,"13":0,"14":0,"15":0,"16":0,"17":0,"18":5,"19":5,"20":5,"21":5,"22":5,"23":5,"24":5,"25":4,"26":2,"27":2,"28":2,"29":1,"30":1,"31":0,"32":0,"33":10,"34":10,"35":10,"36":10,"37":10,"38":10,"39":10,"40":7,"41":7,"42":7,"43":10,"44":7,"45":2,"46":2,"47":2,"48":7,"49":7,"50":10,"51":1,"52":1,"53":0,"54":0,"55":0,"56":0,"57":0,"58":0,"59":0,"60":0,"61":0,"62":0,"63":0,"64":0,"65":0,"66":0,"67":0,"68":0,"69":0,"70":0,"71":0,"72":0,"73":0,"74":0,"75":0,"76":0,"77":0,"78":0,"79":0,"80":0,"81":0,"82":0,"83":0,"84":0,"85":0,"86":0,"87":0,"88":0,"89":0,"90":0,"91":0,"92":0,"93":0,"94":0,"95":0,"96":0,"97":0,"98":0,"99":0,"100":0,"101":0,"102":0,"103":0,"104":0,"105":0,"106":0,"107":0,"108":0,"109":0,"110":0,"111":0,"112":0,"113":0,"114":0,"115":0,"116":0,"117":0,"118":0,"119":0,"120":0,"121":0,"122":0,"123":0,"124":0,"125":0,"126":0,"127":0,"128":0,"129":0,"130":0,"131":0,"132":0,"133":0,"134":0,"135":0,"136":0,"137":0,"138":0,"139":0,"140":0,"141":0,"142":0,"143":0,"144":0,"145":0,"146":0,"147":0,"148":0,"149":0,"150":0,"151":0,"152":0,"153":0,"154":0,"155":0,"156":0,"157":0,"158":0,"159":0,"160":0,"161":0,"162":0,"163":0,"164":0,"165":0,"166":0,"167":0,"168":0,"169":0,"170":0,"171":0,"172":0,"173":0,"174":0,"175":0,"176":0,"177":0,"178":0,"179":0,"180":0,"181":0,"182":0,"183":0,"184":0,"185":0,"186":0,"187":0,"188":0,"189":0,"190":0,"191":0,"192":0,"193":0,"194":0,"195":0,"196":0,"197":0,"198":0,"199":0,"200":0,"201":0,"202":0,"203":0,"204":0,"205":0,"206":0,"207":8,"208":6,"209":6,"210":6,"211":1,"212":1,"213":5,"214":1,"215":1,"216":4,"217":1,"218":1,"219":1,"220":3,"221":2,"222":1,"223":1,"224":1,"225":1,"226":1,"227":1,"228":1,"229":6,"230":6,"231":6,"232":1,"233":1,"234":6,"235":6,"236":6,"237":6,"238":6,"239":0,"240":0,"241":0,"242":0,"243":0,"244":0,"245":0,"246":0,"247":0,"248":0,"249":0,"250":0,"251":0,"252":0,"253":0,"254":0,"255":0,"256":0,"257":0,"258":0,"259":0,"260":0,"261":0,"262":0,"263":0,"264":0,"265":0,"266":1,"267":1,"268":0,"269":0,"270":0,"271":0,"272":0,"273":0,"274":0,"275":0,"276":0,"277":0,"278":0,"279":0,"280":0,"281":0,"282":1,"283":1},"f":{"0":0,"1":0,"2":0,"3":5,"4":10,"5":0,"6":0,"7":0,"8":0,"9":0,"10":0,"11":0,"12":8,"13":6,"14":0,"15":0,"16":0,"17":0,"18":0,"19":0,"20":0,"21":0},"b":{"0":[0,0],"1":[2,2],"2":[10,2],"3":[7,3],"4":[7,0],"5":[7,3],"6":[2,5],"7":[10,3],"8":[0,0],"9":[0,0],"10":[0,0],"11":[0,0],"12":[0,0],"13":[0,0],"14":[0,0],"15":[0,0],"16":[0,0],"17":[0,0],"18":[0,0],"19":[0,0],"20":[0,0],"21":[0,0],"22":[0,0],"23":[0,0],"24":[0,0],"25":[0,0],"26":[0,0],"27":[0,0],"28":[0,0],"29":[0,0],"30":[0,0],"31":[0,0],"32":[0,0],"33":[0,0],"34":[0,0],"35":[0,0],"36":[0,0],"37":[0,0],"38":[0,0],"39":[0,0],"40":[1,5],"41":[1,4],"42":[1,3],"43":[2,1],"44":[1,1],"45":[1,5],"46":[6,2],"47":[0,0],"48":[0,0],"49":[0,0],"50":[0,0],"51":[0,0],"52":[0,0],"53":[1,0]},"_coverageSchema":"1a1c01bbd47fc00a2c39e90264f33305004495a9","hash":"dba12e1696d35084f64d8bd7839f6cc418d40175"}
,"/Users/peterbenoit/GitHub/SaveAsExtension/offscreen.js": {"path":"/Users/peterbenoit/GitHub/SaveAsExtension/offscreen.js","statementMap":{"0":{"start":{"line":9,"column":30},"end":{"line":9,"column":36}},"1":{"start":{"line":10,"column":26},"end":{"line":10,"column":32}},"2":{"start":{"line":11,"column":12},"end":{"line":11,"column":13}},"3":{"start":{"line":14,"column":1},"end":{"line":14,"column":9}},"4":{"start":{"line":15,"column":1},"end":{"line":18,"column":2}},"5":{"start":{"line":16,"column":2},"end":{"line":16,"column":22}},"6":{"start":{"line":17,"column":2},"end":{"line":17,"column":15}},"7":{"start":{"line":21,"column":1},"end":{"line":23,"column":2}},"8":{"start":{"line":22,"column":2},"end":{"line":22,"column":9}},"9":{"start":{"line":25,"column":1},"end":{"line":27,"column":27}},"10":{"start":{"line":26,"column":2},"end":{"line":26,"column":17}},"11":{"start":{"line":30,"column":24},"end":{"line":30,"column":33}},"12":{"start":{"line":32,"column":0},"end":{"line":47,"column":2}},"13":{"start":{"line":33,"column":23},"end":{"line":33,"column":56}},"14":{"start":{"line":35,"column":1},"end":{"line":35,"column":26}},"15":{"start":{"line":36,"column":1},"end":{"line":41,"column":2}},"16":{"start":{"line":37,"column":2},"end":{"line":37,"column":47}},"17":{"start":{"line":39,"column":2},"end":{"line":39,"column":18}},"18":{"start":{"line":40,"column":2},"end":{"line":40,"column":19}},"19":{"start":{"line":42,"column":1},"end":{"line":42,"column":26}},"20":{"start":{"line":43,"column":1},"end":{"line":46,"column":4}},"21":{"start":{"line":49,"column":0},"end":{"line":52,"column":3}},"22":{"start":{"line":50,"column":1},"end":{"line":50,"column":12}},"23":{"start":{"line":51,"column":1},"end":{"line":51,"column":13}},"24":{"start":{"line":54,"column":0},"end":{"line":73,"column":3}},"25":{"start":{"line":55,"column":17},"end":{"line":55,"column":42}},"26":{"start":{"line":56,"column":1},"end":{"line":72,"column":2}},"27":{"start":{"line":57,"column":14},"end":{"line":57,"column":43}},"28":{"start":{"line":58,"column":2},"end":{"line":58,"column":20}},"29":{"start":{"line":59,"column":2},"end":{"line":64,"column":3}},"30":{"start":{"line":60,"column":3},"end":{"line":60,"column":22}},"31":{"start":{"line":62,"column":3},"end":{"line":62,"column":42}},"32":{"start":{"line":63,"column":3},"end":{"line":63,"column":15}},"33":{"start":{"line":65,"column":17},"end":{"line":65,"column":49}},"34":{"start":{"line":66,"column":2},"end":{"line":66,"column":34}},"35":{"start":{"line":67,"column":2},"end":{"line":67,"column":36}},"36":{"start":{"line":68,"column":2},"end":{"line":68,"column":47}},"37":{"start":{"line":69,"column":2},"end":{"line":69,"column":51}},"38":{"start":{"line":71,"column":2},"end":{"line":71,"column":31}},"39":{"start":{"line":77,"column":1},"end":{"line":85,"column":2}},"40":{"start":{"line":78,"column":17},"end":{"line":78,"column":49}},"41":{"start":{"line":79,"column":2},"end":{"line":79,"column":19}},"42":{"start":{"line":80,"column":2},"end":{"line":80,"column":20}},"43":{"start":{"line":81,"column":22},"end":{"line":81,"column":52}},"44":{"start":{"line":82,"column":2},"end":{"line":82,"column":51}},"45":{"start":{"line":84,"column":2},"end":{"line":84,"column":15}},"46":{"start":{"line":89,"column":0},"end":{"line":126,"column":3}},"47":{"start":{"line":90,"column":26},"end":{"line":90,"column":30}},"48":{"start":{"line":91,"column":17},"end":{"line":91,"column":42}},"49":{"start":{"line":92,"column":1},"end":{"line":125,"column":2}},"50":{"start":{"line":93,"column":14},"end":{"line":93,"column":43}},"51":{"start":{"line":94,"column":2},"end":{"line":94,"column":20}},"52":{"start":{"line":95,"column":2},"end":{"line":100,"column":3}},"53":{"start":{"line":96,"column":3},"end":{"line":96,"column":22}},"54":{"start":{"line":98,"column":3},"end":{"line":98,"column":42}},"55":{"start":{"line":99,"column":3},"end":{"line":99,"column":15}},"56":{"start":{"line":101,"column":17},"end":{"line":101,"column":49}},"57":{"start":{"line":102,"column":2},"end":{"line":102,"column":34}},"58":{"start":{"line":103,"column":2},"end":{"line":103,"column":36}},"59":{"start":{"line":104,"column":2},"end":{"line":104,"column":47}},"60":{"start":{"line":107,"column":2},"end":{"line":120,"column":3}},"61":{"start":{"line":108,"column":3},"end":{"line":108,"column":51}},"62":{"start":{"line":109,"column":9},"end":{"line":120,"column":3}},"63":{"start":{"line":110,"column":3},"end":{"line":110,"column":50}},"64":{"start":{"line":111,"column":9},"end":{"line":120,"column":3}},"65":{"start":{"line":112,"column":3},"end":{"line":117,"column":4}},"66":{"start":{"line":113,"column":4},"end":{"line":113,"column":51}},"67":{"start":{"line":115,"column":4},"end":{"line":115,"column":82}},"68":{"start":{"line":116,"column":4},"end":{"line":116,"column":45}},"69":{"start":{"line":119,"column":3},"end":{"line":119,"column":44}},"70":{"start":{"line":122,"column":2},"end":{"line":122,"column":22}},"71":{"start":{"line":124,"column":2},"end":{"line":124,"column":31}},"72":{"start":{"line":129,"column":0},"end":{"line":141,"column":3}},"73":{"start":{"line":130,"column":1},"end":{"line":130,"column":99}},"74":{"start":{"line":131,"column":1},"end":{"line":140,"column":2}},"75":{"start":{"line":132,"column":18},"end":{"line":132,"column":43}},"76":{"start":{"line":133,"column":2},"end":{"line":133,"column":75}},"77":{"start":{"line":136,"column":2},"end":{"line":136,"column":21}},"78":{"start":{"line":138,"column":2},"end":{"line":138,"column":59}},"79":{"start":{"line":139,"column":2},"end":{"line":139,"column":14}},"80":{"start":{"line":144,"column":0},"end":{"line":204,"column":3}},"81":{"start":{"line":145,"column":1},"end":{"line":145,"column":99}},"82":{"start":{"line":146,"column":17},"end":{"line":146,"column":42}},"83":{"start":{"line":147,"column":1},"end":{"line":203,"column":2}},"84":{"start":{"line":148,"column":2},"end":{"line":151,"column":3}},"85":{"start":{"line":149,"column":3},"end":{"line":149,"column":74}},"86":{"start":{"line":150,"column":3},"end":{"line":150,"column":48}},"87":{"start":{"line":152,"column":2},"end":{"line":152,"column":51}},"88":{"start":{"line":153,"column":20},"end":{"line":153,"column":32}},"89":{"start":{"line":154,"column":14},"end":{"line":154,"column":43}},"90":{"start":{"line":156,"column":2},"end":{"line":156,"column":58}},"91":{"start":{"line":157,"column":2},"end":{"line":167,"column":5}},"92":{"start":{"line":158,"column":3},"end":{"line":161,"column":5}},"93":{"start":{"line":159,"column":4},"end":{"line":159,"column":57}},"94":{"start":{"line":160,"column":4},"end":{"line":160,"column":14}},"95":{"start":{"line":162,"column":3},"end":{"line":165,"column":5}},"96":{"start":{"line":163,"column":4},"end":{"line":163,"column":65}},"97":{"start":{"line":164,"column":4},"end":{"line":164,"column":61}},"98":{"start":{"line":166,"column":3},"end":{"line":166,"column":21}},"99":{"start":{"line":168,"column":2},"end":{"line":168,"column":84}},"100":{"start":{"line":170,"column":2},"end":{"line":174,"column":3}},"101":{"start":{"line":171,"column":3},"end":{"line":173,"column":5}},"102":{"start":{"line":176,"column":20},"end":{"line":176,"column":58}},"103":{"start":{"line":177,"column":27},"end":{"line":177,"column":57}},"104":{"start":{"line":178,"column":2},"end":{"line":178,"column":63}},"105":{"start":{"line":179,"column":2},"end":{"line":181,"column":3}},"106":{"start":{"line":180,"column":3},"end":{"line":180,"column":78}},"107":{"start":{"line":183,"column":22},"end":{"line":183,"column":70}},"108":{"start":{"line":184,"column":2},"end":{"line":184,"column":75}},"109":{"start":{"line":185,"column":14},"end":{"line":189,"column":4}},"110":{"start":{"line":191,"column":2},"end":{"line":191,"column":61}},"111":{"start":{"line":192,"column":2},"end":{"line":192,"column":74}},"112":{"start":{"line":193,"column":2},"end":{"line":193,"column":56}},"113":{"start":{"line":194,"column":21},"end":{"line":194,"column":48}},"114":{"start":{"line":195,"column":2},"end":{"line":195,"column":114}},"115":{"start":{"line":196,"column":2},"end":{"line":196,"column":24}},"116":{"start":{"line":198,"column":2},"end":{"line":198,"column":65}},"117":{"start":{"line":199,"column":2},"end":{"line":199,"column":14}},"118":{"start":{"line":201,"column":2},"end":{"line":201,"column":76}},"119":{"start":{"line":202,"column":2},"end":{"line":202,"column":31}},"120":{"start":{"line":207,"column":0},"end":{"line":209,"column":1}},"121":{"start":{"line":208,"column":1},"end":{"line":208,"column":83}}},"fnMap":{"0":{"name":"increaseKeepAliveCount","decl":{"start":{"line":13,"column":9},"end":{"line":13,"column":31}},"loc":{"start":{"line":13,"column":34},"end":{"line":19,"column":1}},"line":13},"1":{"name":"decreaseKeepAliveCount","decl":{"start":{"line":20,"column":9},"end":{"line":20,"column":31}},"loc":{"start":{"line":20,"column":34},"end":{"line":28,"column":1}},"line":20},"2":{"name":"(anonymous_2)","decl":{"start":{"line":25,"column":20},"end":{"line":25,"column":21}},"loc":{"start":{"line":25,"column":26},"end":{"line":27,"column":2}},"line":25},"3":{"name":"(anonymous_3)","decl":{"start":{"line":32,"column":36},"end":{"line":32,"column":37}},"loc":{"start":{"line":32,"column":50},"end":{"line":47,"column":1}},"line":32},"4":{"name":"(anonymous_4)","decl":{"start":{"line":49,"column":29},"end":{"line":49,"column":30}},"loc":{"start":{"line":49,"column":50},"end":{"line":52,"column":1}},"line":49},"5":{"name":"(anonymous_5)","decl":{"start":{"line":54,"column":39},"end":{"line":54,"column":40}},"loc":{"start":{"line":54,"column":61},"end":{"line":73,"column":1}},"line":54},"6":{"name":"checkAvifEncodingSupport","decl":{"start":{"line":76,"column":15},"end":{"line":76,"column":39}},"loc":{"start":{"line":76,"column":42},"end":{"line":86,"column":1}},"line":76},"7":{"name":"(anonymous_7)","decl":{"start":{"line":89,"column":42},"end":{"line":89,"column":43}},"loc":{"start":{"line":89,"column":64},"end":{"line":126,"column":1}},"line":89},"8":{"name":"(anonymous_8)","decl":{"start":{"line":129,"column":37},"end":{"line":129,"column":38}},"loc":{"start":{"line":129,"column":59},"end":{"line":141,"column":1}},"line":129},"9":{"name":"(anonymous_9)","decl":{"start":{"line":144,"column":41},"end":{"line":144,"column":42}},"loc":{"start":{"line":144,"column":63},"end":{"line":204,"column":1}},"line":144},"10":{"name":"(anonymous_10)","decl":{"start":{"line":157,"column":20},"end":{"line":157,"column":21}},"loc":{"start":{"line":157,"column":41},"end":{"line":167,"column":3}},"line":157},"11":{"name":"(anonymous_11)","decl":{"start":{"line":158,"column":16},"end":{"line":158,"column":17}},"loc":{"start":{"line":158,"column":22},"end":{"line":161,"column":4}},"line":158},"12":{"name":"(anonymous_12)","decl":{"start":{"line":162,"column":17},"end":{"line":162,"column":18}},"loc":{"start":{"line":162,"column":26},"end":{"line":165,"column":4}},"line":162}},"branchMap":{"0":{"loc":{"start":{"line":15,"column":1},"end":{"line":18,"column":2}},"type":"if","locations":[{"start":{"line":15,"column":1},"end":{"line":18,"column":2}},{"start":{},"end":{}}],"line":15},"1":{"loc":{"start":{"line":21,"column":1},"end":{"line":23,"column":2}},"type":"if","locations":[{"start":{"line":21,"column":1},"end":{"line":23,"column":2}},{"start":{},"end":{}}],"line":21},"2":{"loc":{"start":{"line":107,"column":2},"end":{"line":120,"column":3}},"type":"if","locations":[{"start":{"line":107,"column":2},"end":{"line":120,"column":3}},{"start":{"line":109,"column":9},"end":{"line":120,"column":3}}],"line":107},"3":{"loc":{"start":{"line":109,"column":9},"end":{"line":120,"column":3}},"type":"if","locations":[{"start":{"line":109,"column":9},"end":{"line":120,"column":3}},{"start":{"line":111,"column":9},"end":{"line":120,"column":3}}],"line":109},"4":{"loc":{"start":{"line":111,"column":9},"end":{"line":120,"column":3}},"type":"if","locations":[{"start":{"line":111,"column":9},"end":{"line":120,"column":3}},{"start":{"line":118,"column":9},"end":{"line":120,"column":3}}],"line":111},"5":{"loc":{"start":{"line":112,"column":3},"end":{"line":117,"column":4}},"type":"if","locations":[{"start":{"line":112,"column":3},"end":{"line":117,"column":4}},{"start":{"line":114,"column":10},"end":{"line":117,"column":4}}],"line":112},"6":{"loc":{"start":{"line":148,"column":2},"end":{"line":151,"column":3}},"type":"if","locations":[{"start":{"line":148,"column":2},"end":{"line":151,"column":3}},{"start":{},"end":{}}],"line":148},"7":{"loc":{"start":{"line":148,"column":6},"end":{"line":148,"column":42}},"type":"binary-expr","locations":[{"start":{"line":148,"column":6},"end":{"line":148,"column":19}},{"start":{"line":148,"column":23},"end":{"line":148,"column":42}}],"line":148},"8":{"loc":{"start":{"line":170,"column":2},"end":{"line":174,"column":3}},"type":"if","locations":[{"start":{"line":170,"column":2},"end":{"line":174,"column":3}},{"start":{},"end":{}}],"line":170},"9":{"loc":{"start":{"line":170,"column":6},"end":{"line":170,"column":83}},"type":"binary-expr","locations":[{"start":{"line":170,"column":6},"end":{"line":170,"column":42}},{"start":{"line":170,"column":46},"end":{"line":170,"column":83}}],"line":170},"10":{"loc":{"start":{"line":179,"column":2},"end":{"line":181,"column":3}},"type":"if","locations":[{"start":{"line":179,"column":2},"end":{"line":181,"column":3}},{"start":{},"end":{}}],"line":179},"11":{"loc":{"start":{"line":179,"column":6},"end":{"line":179,"column":57}},"type":"binary-expr","locations":[{"start":{"line":179,"column":6},"end":{"line":179,"column":16}},{"start":{"line":179,"column":20},"end":{"line":179,"column":57}}],"line":179},"12":{"loc":{"start":{"line":183,"column":22},"end":{"line":183,"column":70}},"type":"cond-expr","locations":[{"start":{"line":183,"column":61},"end":{"line":183,"column":64}},{"start":{"line":183,"column":67},"end":{"line":183,"column":70}}],"line":183},"13":{"loc":{"start":{"line":207,"column":0},"end":{"line":209,"column":1}},"type":"if","locations":[{"start":{"line":207,"column":0},"end":{"line":209,"column":1}},{"start":{},"end":{}}],"line":207}},"s":{"0":1,"1":1,"2":1,"3":0,"4":0,"5":0,"6":0,"7":0,"8":0,"9":0,"10":0,"11":1,"12":1,"13":0,"14":0,"15":0,"16":0,"17":0,"18":0,"19":0,"20":0,"21":1,"22":0,"23":0,"24":1,"25":0,"26":0,"27":0,"28":0,"29":0,"30":0,"31":0,"32":0,"33":0,"34":0,"35":0,"36":0,"37":0,"38":0,"39":5,"40":5,"41":5,"42":5,"43":5,"44":4,"45":1,"46":1,"47":9,"48":9,"49":9,"50":9,"51":9,"52":9,"53":9,"54":2,"55":2,"56":7,"57":7,"58":7,"59":7,"60":7,"61":1,"62":6,"63":1,"64":5,"65":2,"66":1,"67":1,"68":1,"69":3,"70":7,"71":9,"72":1,"73":2,"74":2,"75":2,"76":1,"77":1,"78":1,"79":1,"80":1,"81":10,"82":10,"83":10,"84":10,"85":1,"86":1,"87":9,"88":9,"89":9,"90":9,"91":9,"92":9,"93":8,"94":8,"95":9,"96":1,"97":1,"98":9,"99":8,"100":8,"101":2,"102":6,"103":6,"104":6,"105":6,"106":2,"107":4,"108":4,"109":4,"110":4,"111":4,"112":4,"113":4,"114":4,"115":4,"116":6,"117":6,"118":10,"119":10,"120":1,"121":1},"f":{"0":0,"1":0,"2":0,"3":0,"4":0,"5":0,"6":5,"7":9,"8":2,"9":10,"10":9,"11":8,"12":1},"b":{"0":[0,0],"1":[0,0],"2":[1,6],"3":[1,5],"4":[2,3],"5":[1,1],"6":[1,9],"7":[10,9],"8":[2,6],"9":[8,7],"10":[2,4],"11":[6,6],"12":[2,2],"13":[1,0]},"_coverageSchema":"1a1c01bbd47fc00a2c39e90264f33305004495a9","hash":"bad6613723b5f0069a87a8f25967dcdd19b709d4"}
}
