TN:
SF:background.js
FN:13,createContextMenu
FN:14,(anonymous_1)
FN:69,checkAvifSupport
FN:95,checkAvifEncodingSupport
FN:123,getFileNameFromURL
FN:164,(anonymous_5)
FN:179,downloadImageForFrame
FN:303,(anonymous_7)
FN:322,fetchImageInFrame
FN:328,func
FN:329,convertImgToURL
FN:456,fetchImage
FN:480,convertBlobToURL
FN:532,(anonymous_13)
FN:545,(anonymous_14)
FN:555,download
FN:578,ensureOffscreenClient
FN:579,getOffscreenClient
FN:581,(anonymous_18)
FN:611,(anonymous_19)
FN:625,queryOffscreenClient
FN:632,(anonymous_21)
FNF:22
FNH:4
FNDA:0,createContextMenu
FNDA:0,(anonymous_1)
FNDA:0,checkAvifSupport
FNDA:5,checkAvifEncodingSupport
FNDA:10,getFileNameFromURL
FNDA:0,(anonymous_5)
FNDA:0,downloadImageForFrame
FNDA:0,(anonymous_7)
FNDA:0,fetchImageInFrame
FNDA:0,func
FNDA:0,convertImgToURL
FNDA:0,fetchImage
FNDA:8,convertBlobToURL
FNDA:6,(anonymous_13)
FNDA:0,(anonymous_14)
FNDA:0,download
FNDA:0,ensureOffscreenClient
FNDA:0,getOffscreenClient
FNDA:0,(anonymous_18)
FNDA:0,(anonymous_19)
FNDA:0,queryOffscreenClient
FNDA:0,(anonymous_21)
DA:9,1
DA:10,1
DA:14,0
DA:15,0
DA:21,0
DA:28,0
DA:35,0
DA:42,0
DA:49,0
DA:56,0
DA:64,0
DA:70,0
DA:71,0
DA:72,0
DA:73,0
DA:74,0
DA:77,0
DA:79,0
DA:96,5
DA:98,5
DA:99,5
DA:100,5
DA:101,5
DA:103,5
DA:105,5
DA:108,4
DA:109,2
DA:111,2
DA:112,2
DA:114,1
DA:115,1
DA:118,0
DA:119,0
DA:124,10
DA:127,10
DA:128,10
DA:129,10
DA:132,10
DA:133,10
DA:136,10
DA:137,7
DA:138,7
DA:139,7
DA:143,10
DA:144,7
DA:146,2
DA:147,2
DA:153,2
DA:156,7
DA:157,7
DA:159,10
DA:162,1
DA:164,1
DA:165,0
DA:166,0
DA:169,0
DA:171,0
DA:172,0
DA:173,0
DA:176,0
DA:180,0
DA:182,0
DA:185,0
DA:186,0
DA:189,0
DA:190,0
DA:191,0
DA:194,0
DA:195,0
DA:196,0
DA:202,0
DA:203,0
DA:206,0
DA:207,0
DA:209,0
DA:210,0
DA:212,0
DA:213,0
DA:214,0
DA:215,0
DA:217,0
DA:219,0
DA:221,0
DA:222,0
DA:228,0
DA:229,0
DA:230,0
DA:231,0
DA:232,0
DA:233,0
DA:235,0
DA:236,0
DA:238,0
DA:239,0
DA:241,0
DA:242,0
DA:243,0
DA:244,0
DA:245,0
DA:247,0
DA:250,0
DA:251,0
DA:252,0
DA:253,0
DA:260,0
DA:267,0
DA:270,0
DA:273,0
DA:274,0
DA:276,0
DA:277,0
DA:279,0
DA:281,0
DA:284,0
DA:286,0
DA:289,0
DA:290,0
DA:292,0
DA:297,0
DA:300,0
DA:304,0
DA:308,0
DA:309,0
DA:313,0
DA:314,0
DA:319,0
DA:323,0
DA:324,0
DA:325,0
DA:330,0
DA:331,0
DA:332,0
DA:333,0
DA:334,0
DA:337,0
DA:338,0
DA:339,0
DA:340,0
DA:341,0
DA:344,0
DA:346,0
DA:347,0
DA:348,0
DA:352,0
DA:353,0
DA:355,0
DA:356,0
DA:358,0
DA:361,0
DA:362,0
DA:363,0
DA:366,0
DA:369,0
DA:372,0
DA:373,0
DA:376,0
DA:379,0
DA:380,0
DA:384,0
DA:385,0
DA:386,0
DA:387,0
DA:388,0
DA:391,0
DA:395,0
DA:400,0
DA:401,0
DA:402,0
DA:403,0
DA:404,0
DA:405,0
DA:407,0
DA:409,0
DA:411,0
DA:413,0
DA:416,0
DA:417,0
DA:423,0
DA:424,0
DA:426,0
DA:432,0
DA:433,0
DA:434,0
DA:435,0
DA:436,0
DA:437,0
DA:438,0
DA:441,0
DA:443,0
DA:444,0
DA:447,0
DA:448,0
DA:450,0
DA:451,0
DA:453,0
DA:458,0
DA:459,0
DA:460,0
DA:462,0
DA:464,0
DA:465,0
DA:467,0
DA:472,0
DA:473,0
DA:474,0
DA:475,0
DA:477,0
DA:482,8
DA:483,6
DA:484,6
DA:489,6
DA:490,1
DA:491,1
DA:492,5
DA:493,1
DA:494,1
DA:495,4
DA:498,1
DA:499,1
DA:500,1
DA:501,3
DA:503,2
DA:504,1
DA:505,1
DA:507,1
DA:508,1
DA:509,1
DA:513,1
DA:514,1
DA:517,6
DA:518,6
DA:524,6
DA:525,1
DA:526,1
DA:531,6
DA:532,6
DA:533,6
DA:534,6
DA:536,6
DA:539,0
DA:540,0
DA:544,0
DA:545,0
DA:546,0
DA:547,0
DA:549,0
DA:556,0
DA:557,0
DA:562,0
DA:564,0
DA:565,0
DA:568,0
DA:570,0
DA:580,0
DA:581,0
DA:583,0
DA:584,0
DA:585,0
DA:587,0
DA:591,0
DA:600,0
DA:601,0
DA:602,0
DA:604,0
DA:606,0
DA:609,1
DA:611,1
DA:612,0
DA:613,0
DA:614,0
DA:615,0
DA:616,0
DA:626,0
DA:627,0
DA:628,0
DA:629,0
DA:631,0
DA:632,0
DA:633,0
DA:636,0
DA:637,0
DA:641,1
DA:642,1
LF:283
LH:71
BRDA:72,0,0,0
BRDA:72,0,1,0
BRDA:108,1,0,2
BRDA:108,1,1,2
BRDA:129,2,0,10
BRDA:129,2,1,2
BRDA:136,3,0,7
BRDA:136,3,1,3
BRDA:138,4,0,7
BRDA:138,4,1,0
BRDA:143,5,0,7
BRDA:143,5,1,3
BRDA:144,6,0,2
BRDA:144,6,1,5
BRDA:159,7,0,10
BRDA:159,7,1,3
BRDA:165,8,0,0
BRDA:165,8,1,0
BRDA:171,9,0,0
BRDA:171,9,1,0
BRDA:185,10,0,0
BRDA:185,10,1,0
BRDA:189,11,0,0
BRDA:189,11,1,0
BRDA:202,12,0,0
BRDA:202,12,1,0
BRDA:212,13,0,0
BRDA:212,13,1,0
BRDA:212,14,0,0
BRDA:212,14,1,0
BRDA:228,15,0,0
BRDA:228,15,1,0
BRDA:232,16,0,0
BRDA:232,16,1,0
BRDA:241,17,0,0
BRDA:241,17,1,0
BRDA:241,18,0,0
BRDA:241,18,1,0
BRDA:267,19,0,0
BRDA:267,19,1,0
BRDA:267,20,0,0
BRDA:267,20,1,0
BRDA:273,21,0,0
BRDA:273,21,1,0
BRDA:274,22,0,0
BRDA:274,22,1,0
BRDA:284,23,0,0
BRDA:284,23,1,0
BRDA:290,24,0,0
BRDA:290,24,1,0
BRDA:313,25,0,0
BRDA:313,25,1,0
BRDA:324,26,0,0
BRDA:324,26,1,0
BRDA:337,27,0,0
BRDA:337,27,1,0
BRDA:339,28,0,0
BRDA:339,28,1,0
BRDA:341,29,0,0
BRDA:341,29,1,0
BRDA:347,30,0,0
BRDA:347,30,1,0
BRDA:355,31,0,0
BRDA:355,31,1,0
BRDA:361,32,0,0
BRDA:361,32,1,0
BRDA:385,33,0,0
BRDA:385,33,1,0
BRDA:432,34,0,0
BRDA:432,34,1,0
BRDA:434,35,0,0
BRDA:434,35,1,0
BRDA:435,36,0,0
BRDA:435,36,1,0
BRDA:437,37,0,0
BRDA:437,37,1,0
BRDA:450,38,0,0
BRDA:450,38,1,0
BRDA:473,39,0,0
BRDA:473,39,1,0
BRDA:489,40,0,1
BRDA:489,40,1,5
BRDA:492,41,0,1
BRDA:492,41,1,4
BRDA:495,42,0,1
BRDA:495,42,1,3
BRDA:501,43,0,2
BRDA:501,43,1,1
BRDA:503,44,0,1
BRDA:503,44,1,1
BRDA:524,45,0,1
BRDA:524,45,1,5
BRDA:524,46,0,6
BRDA:524,46,1,2
BRDA:564,47,0,0
BRDA:564,47,1,0
BRDA:568,48,0,0
BRDA:568,48,1,0
BRDA:584,49,0,0
BRDA:584,49,1,0
BRDA:601,50,0,0
BRDA:601,50,1,0
BRDA:613,51,0,0
BRDA:613,51,1,0
BRDA:627,52,0,0
BRDA:627,52,1,0
BRDA:641,53,0,1
BRDA:641,53,1,0
BRF:108
BRH:28
end_of_record
TN:
SF:offscreen.js
FN:13,increaseKeepAliveCount
FN:20,decreaseKeepAliveCount
FN:25,(anonymous_2)
FN:32,(anonymous_3)
FN:49,(anonymous_4)
FN:54,(anonymous_5)
FN:76,checkAvifEncodingSupport
FN:89,(anonymous_7)
FN:129,(anonymous_8)
FN:144,(anonymous_9)
FN:157,(anonymous_10)
FN:158,(anonymous_11)
FN:162,(anonymous_12)
FNF:13
FNH:7
FNDA:0,increaseKeepAliveCount
FNDA:0,decreaseKeepAliveCount
FNDA:0,(anonymous_2)
FNDA:0,(anonymous_3)
FNDA:0,(anonymous_4)
FNDA:0,(anonymous_5)
FNDA:5,checkAvifEncodingSupport
FNDA:9,(anonymous_7)
FNDA:2,(anonymous_8)
FNDA:10,(anonymous_9)
FNDA:9,(anonymous_10)
FNDA:8,(anonymous_11)
FNDA:1,(anonymous_12)
DA:9,1
DA:10,1
DA:11,1
DA:14,0
DA:15,0
DA:16,0
DA:17,0
DA:21,0
DA:22,0
DA:25,0
DA:26,0
DA:30,1
DA:32,1
DA:33,0
DA:35,0
DA:36,0
DA:37,0
DA:39,0
DA:40,0
DA:42,0
DA:43,0
DA:49,1
DA:50,0
DA:51,0
DA:54,1
DA:55,0
DA:56,0
DA:57,0
DA:58,0
DA:59,0
DA:60,0
DA:62,0
DA:63,0
DA:65,0
DA:66,0
DA:67,0
DA:68,0
DA:69,0
DA:71,0
DA:77,5
DA:78,5
DA:79,5
DA:80,5
DA:81,5
DA:82,4
DA:84,1
DA:89,1
DA:90,9
DA:91,9
DA:92,9
DA:93,9
DA:94,9
DA:95,9
DA:96,9
DA:98,2
DA:99,2
DA:101,7
DA:102,7
DA:103,7
DA:104,7
DA:107,7
DA:108,1
DA:109,6
DA:110,1
DA:111,5
DA:112,2
DA:113,1
DA:115,1
DA:116,1
DA:119,3
DA:122,7
DA:124,9
DA:129,1
DA:130,2
DA:131,2
DA:132,2
DA:133,1
DA:136,1
DA:138,1
DA:139,1
DA:144,1
DA:145,10
DA:146,10
DA:147,10
DA:148,10
DA:149,1
DA:150,1
DA:152,9
DA:153,9
DA:154,9
DA:156,9
DA:157,9
DA:158,9
DA:159,8
DA:160,8
DA:162,9
DA:163,1
DA:164,1
DA:166,9
DA:168,8
DA:170,8
DA:171,2
DA:176,6
DA:177,6
DA:178,6
DA:179,6
DA:180,2
DA:183,4
DA:184,4
DA:185,4
DA:191,4
DA:192,4
DA:193,4
DA:194,4
DA:195,4
DA:196,4
DA:198,6
DA:199,6
DA:201,10
DA:202,10
DA:207,1
DA:208,1
LF:122
LH:90
BRDA:15,0,0,0
BRDA:15,0,1,0
BRDA:21,1,0,0
BRDA:21,1,1,0
BRDA:107,2,0,1
BRDA:107,2,1,6
BRDA:109,3,0,1
BRDA:109,3,1,5
BRDA:111,4,0,2
BRDA:111,4,1,3
BRDA:112,5,0,1
BRDA:112,5,1,1
BRDA:148,6,0,1
BRDA:148,6,1,9
BRDA:148,7,0,10
BRDA:148,7,1,9
BRDA:170,8,0,2
BRDA:170,8,1,6
BRDA:170,9,0,8
BRDA:170,9,1,7
BRDA:179,10,0,2
BRDA:179,10,1,4
BRDA:179,11,0,6
BRDA:179,11,1,6
BRDA:183,12,0,2
BRDA:183,12,1,2
BRDA:207,13,0,1
BRDA:207,13,1,0
BRF:28
BRH:23
end_of_record
